#CMS_VERSION-1.00
###############################################
## Application Name - XXX
## Application Pid - 31912
## Log produced on - Tue Mar 14 06:33:32 2017
###############################################
Info!     [velcomp-25225]: : Command Line for tool : velcomp is :
                          
Info!     [velcomp-25466]: : Velcomp Version 3.0.0.7
                          
Info!     [velcomp-18201]: : Started task: compile_rtlc_design_check_0 (velocesolo.ece.pdx.edu)
Status    [RTLC-4578]: : Performing Design Check ...
Status    [RTLC-4578]: : Design Check successfully completed.
Info!     [velcomp-18231]: : Completed task: compile_rtlc_design_check_0 (velocesolo.ece.pdx.edu) 0 minutes
Info!     [velcomp-18201]: : Started task: compile_rtlc_0 (velocesolo.ece.pdx.edu)
Status    [RTLC-4504]: : Partitioning design ....
Warning   [RTLC-1036]: File /u/bchetan/SV_FinalProject_TBXDPIC/SV_MIPS_Veloce/SourceCode/checker.sv, Line 82: Mismatch in port size ( 1 ) and port connection size ( 32 ) for port ( wr ) in instantiation ( dm1 ).
Status    [Analyze-4513]: : Overall running time for compilation: 0.0 secs.
Status    [RTLC-4537]: : Time taken in Partitioning design: 0.70 secs.
Warning   [RTLC-5461]: File /u/bchetan/SV_FinalProject_TBXDPIC/SV_MIPS_Veloce/SourceCode/checker.sv, Line 82: Size mismatch in port (wr) in instance (dm1).
Status    [RTLC-4506]: : Module check{port =>ccheck.M} Pre-processing...
Status    [RTLC-4508]: : Module ccheck Compiling...
Status    [RTLC-4508]: : Module check{port =>ccheck.M} Compiling...
Note!     [RTLC-5206]: : Module check{port =>ccheck.M}, Net rd[4] Hanging latch inferred (maybe because of -preserve/-debug option).
Note!     [RTLC-5206]: : Module check{port =>ccheck.M}, Net rd[3] Hanging latch inferred (maybe because of -preserve/-debug option).
Note!     [RTLC-5206]: : Module check{port =>ccheck.M}, Net rd[2] Hanging latch inferred (maybe because of -preserve/-debug option).
Note!     [RTLC-5206]: : Module check{port =>ccheck.M}, Net rd[1] Hanging latch inferred (maybe because of -preserve/-debug option).
Note!     [RTLC-5206]: : Module check{port =>ccheck.M}, Net rd[0] Hanging latch inferred (maybe because of -preserve/-debug option).
Note!     [RTLC-5206]: : Module check{port =>ccheck.M}, Net shamt[4] Hanging latch inferred (maybe because of -preserve/-debug option).
Note!     [RTLC-5206]: : Module check{port =>ccheck.M}, Net shamt[3] Hanging latch inferred (maybe because of -preserve/-debug option).
Note!     [RTLC-5206]: : Module check{port =>ccheck.M}, Net shamt[2] Hanging latch inferred (maybe because of -preserve/-debug option).
Note!     [RTLC-5206]: : Module check{port =>ccheck.M}, Net shamt[1] Hanging latch inferred (maybe because of -preserve/-debug option).
Note!     [RTLC-5206]: : Module check{port =>ccheck.M}, Net shamt[0] Hanging latch inferred (maybe because of -preserve/-debug option).
Note!     [RTLC-5206]: : Module check{port =>ccheck.M}, Net rt[4] Hanging latch inferred (maybe because of -preserve/-debug option).
Note!     [RTLC-5206]: : Module check{port =>ccheck.M}, Net rt[3] Hanging latch inferred (maybe because of -preserve/-debug option).
Note!     [RTLC-5206]: : Module check{port =>ccheck.M}, Net rt[2] Hanging latch inferred (maybe because of -preserve/-debug option).
Note!     [RTLC-5206]: : Module check{port =>ccheck.M}, Net rt[1] Hanging latch inferred (maybe because of -preserve/-debug option).
Note!     [RTLC-5206]: : Module check{port =>ccheck.M}, Net rt[0] Hanging latch inferred (maybe because of -preserve/-debug option).
Note!     [RTLC-5206]: : Module check{port =>ccheck.M}, Net rs[4] Hanging latch inferred (maybe because of -preserve/-debug option).
Note!     [RTLC-5206]: : Module check{port =>ccheck.M}, Net rs[3] Hanging latch inferred (maybe because of -preserve/-debug option).
Note!     [RTLC-5206]: : Module check{port =>ccheck.M}, Net rs[2] Hanging latch inferred (maybe because of -preserve/-debug option).
Note!     [RTLC-5206]: : Module check{port =>ccheck.M}, Net rs[1] Hanging latch inferred (maybe because of -preserve/-debug option).
Note!     [RTLC-5206]: : Module check{port =>ccheck.M}, Net rs[0] Hanging latch inferred (maybe because of -preserve/-debug option).
Note!     [RTLC-5206]: : Module check{port =>ccheck.M}, Net imm[15] Hanging latch inferred (maybe because of -preserve/-debug option).
Note!     [RTLC-5206]: : Module check{port =>ccheck.M}, Net imm[14] Hanging latch inferred (maybe because of -preserve/-debug option).
Note!     [RTLC-5206]: : Module check{port =>ccheck.M}, Net imm[13] Hanging latch inferred (maybe because of -preserve/-debug option).
Note!     [RTLC-5206]: : Module check{port =>ccheck.M}, Net imm[12] Hanging latch inferred (maybe because of -preserve/-debug option).
Note!     [RTLC-5206]: : Module check{port =>ccheck.M}, Net imm[11] Hanging latch inferred (maybe because of -preserve/-debug option).
Note!     [RTLC-5206]: : Module check{port =>ccheck.M}, Net imm[10] Hanging latch inferred (maybe because of -preserve/-debug option).
Note!     [RTLC-5206]: : Module check{port =>ccheck.M}, Net imm[9] Hanging latch inferred (maybe because of -preserve/-debug option).
Note!     [RTLC-5206]: : Module check{port =>ccheck.M}, Net imm[8] Hanging latch inferred (maybe because of -preserve/-debug option).
Note!     [RTLC-5206]: : Module check{port =>ccheck.M}, Net imm[7] Hanging latch inferred (maybe because of -preserve/-debug option).
Note!     [RTLC-5206]: : Module check{port =>ccheck.M}, Net imm[6] Hanging latch inferred (maybe because of -preserve/-debug option).
Note!     [RTLC-5206]: : Module check{port =>ccheck.M}, Net imm[5] Hanging latch inferred (maybe because of -preserve/-debug option).
Note!     [RTLC-5206]: : Module check{port =>ccheck.M}, Net imm[4] Hanging latch inferred (maybe because of -preserve/-debug option).
Note!     [TBXC-5251]: : Built-in hardware memory core inferred for variable ': "dm.mem depth = 128, width = 32"'.
Status    [TBXC-4506]: : Module dm Pre-processing...
Warning   [TBXC-15443]: File /u/bchetan/SV_FinalProject_TBXDPIC/SV_MIPS_Veloce/SourceCode/dm.sv, Line 32: Unrolling for/repeat loop. This would increase area and compile time.
Warning   [TBXC-5514]: File /u/bchetan/SV_FinalProject_TBXDPIC/SV_MIPS_Veloce/SourceCode/cpu.sv, Line 62: Ignoring always/initial block. It has no useful statements.
Warning   [TBXC-15468]: File /u/bchetan/SV_FinalProject_TBXDPIC/SV_MIPS_Veloce/SourceCode/cpu.sv, Line 415: Module "cpu" has system Function/Task(s), which will be ignored. In order to compile the system Function/Task(s), please provide the -compile_display switch in the config file.
Status    [TBXC-4506]: : Module regr{N=>32} Pre-processing...
Warning   [TBXC-5514]: File /u/bchetan/SV_FinalProject_TBXDPIC/SV_MIPS_Veloce/SourceCode/regm.sv, Line 45: Ignoring always/initial block. It has no useful statements.
Warning   [TBXC-15468]: File /u/bchetan/SV_FinalProject_TBXDPIC/SV_MIPS_Veloce/SourceCode/regm.sv, Line 85: Module "regm" has system Function/Task(s), which will be ignored. In order to compile the system Function/Task(s), please provide the -compile_display switch in the config file.
Warning   [TBXC-5597]: File /u/bchetan/SV_FinalProject_TBXDPIC/SV_MIPS_Veloce/SourceCode/regm.sv, Line 35: Module: regm, Net: 'mem' is a potential RAM of size 1024 bits. If you think that a RAM should have been inferred here, please set the attribute 'ram_block' on the signal to force a RAM. Syntax: "// pragma attribute mem ram_block 1". If a RAM is still not inferred, please check warnings for why it was not inferred.
Warning   [TBXC-5586]: File /u/bchetan/SV_FinalProject_TBXDPIC/SV_MIPS_Veloce/SourceCode/regm.sv, Line 35: Module regm, Net mem This net is a potential memory of size 1024 bits. It is advisable to model this memory as a built-in memory in the hardware, to save on gates/registers as well as compilation time/memory requirements. Please check if this is the intended behaviour.
Status    [TBXC-4506]: : Module regm Pre-processing...
Warning   [TBXC-15443]: File /u/bchetan/SV_FinalProject_TBXDPIC/SV_MIPS_Veloce/SourceCode/regm.sv, Line 38: Unrolling for/repeat loop. This would increase area and compile time.
Status    [TBXC-4506]: : Module regr{N=>5} Pre-processing...
Status    [TBXC-4506]: : Module regr{N=>64} Pre-processing...
Status    [TBXC-4506]: : Module regr{N=>10} Pre-processing...
Status    [TBXC-4506]: : Module control Pre-processing...
Status    [TBXC-4506]: : Module regr{N=>8} Pre-processing...
Status    [TBXC-4506]: : Module regr{N=>2} Pre-processing...
Status    [TBXC-4506]: : Module regr{N=>1} Pre-processing...
Status    [TBXC-4506]: : Module regr{N=>4} Pre-processing...
Status    [TBXC-4506]: : Module alu_control Pre-processing...
Status    [TBXC-4506]: : Module alu Pre-processing...
Status    [TBXC-4506]: : Module cpu{port =>ccheck.H} Pre-processing...
Status    [TBXC-4522]: : Root Module CPU_tb_dpi: Pre-processing...
Warning   [TBXC-5428]: : Module CPU_tb_dpi, Net resetH[0] Conflicting initializations on this signal will be ignored.
Status    [TBXC-4508]: : Module dm Compiling...
Status    [TBXC-4508]: : Module regr{N=>32} Compiling...
Status    [TBXC-4508]: : Module regm Compiling...
Status    [TBXC-4508]: : Module regr{N=>5} Compiling...
Status    [TBXC-4508]: : Module regr{N=>64} Compiling...
Status    [TBXC-4508]: : Module regr{N=>10} Compiling...
Status    [TBXC-4508]: : Module control Compiling...
Status    [TBXC-4508]: : Module regr{N=>8} Compiling...
Status    [TBXC-4508]: : Module regr{N=>2} Compiling...
Status    [TBXC-4508]: : Module regr{N=>1} Compiling...
Status    [TBXC-4508]: : Module regr{N=>4} Compiling...
Status    [TBXC-4508]: : Module alu_control Compiling...
Status    [TBXC-4508]: : Module alu Compiling...
Status    [TBXC-4508]: : Module cpu{port =>ccheck.H} Compiling...
Status    [TBXC-4523]: : Root Module CPU_tb_dpi: Compiling...
Status    [RTLC-4537]: : Time taken in compiling all partitions: 5.95 secs.
Status    [TBXC-14506]: : Post-processing design...
Status    [RTLC-4537]: : Time taken in Post-processing design: 0.82 secs.
Status    [RTLC-4513]: : Overall running time for compilation: 8.0 secs.
Info!     [velcomp-18231]: : Completed task: compile_rtlc_0 (velocesolo.ece.pdx.edu) 0 minutes
Info!     [velcomp-18201]: : Started task: compile_transactor_analysis_final_0 (velocesolo.ece.pdx.edu)
Info!     [velcomp-18231]: : Completed task: compile_transactor_analysis_final_0 (velocesolo.ece.pdx.edu) 0 minutes
Info!     [velcomp-18201]: : Started task: compile_transactor_compile_final_0 (velocesolo.ece.pdx.edu)
Info!     [velcomp-18231]: : Completed task: compile_transactor_compile_final_0 (velocesolo.ece.pdx.edu) 1 minute
Info!     [velcomp-18201]: : Started task: compile_hvl_0 (velocesolo.ece.pdx.edu)
Info!     [velcomp-18201]: : Started task: compile_velsyn_0 (velocesolo.ece.pdx.edu)
Warning   [hvlcomp-25769]: : Neither '-cpppath' nor '-cppinstall' is provided. Using default GNU g++ version 4.5.0
Warning   [Velsyn-3535]: : Hardware pod \J114.20 is unavailable due to resource mapout.
Warning   [Velsyn-3535]: : Hardware pod \J114.21 is unavailable due to resource mapout.
Warning   [Velsyn-3535]: : Hardware pod \J114.22 is unavailable due to resource mapout.
Warning   [Velsyn-3535]: : Hardware pod \J114.23 is unavailable due to resource mapout.
Warning   [Velsyn-3535]: : Hardware pod \J114.24 is unavailable due to resource mapout.
Warning   [Velsyn-3535]: : Hardware pod \J114.25 is unavailable due to resource mapout.
Warning   [Velsyn-3535]: : Hardware pod \J114.26 is unavailable due to resource mapout.
Warning   [Velsyn-3535]: : Hardware pod \J114.28 is unavailable due to resource mapout.
Warning   [Velsyn-3535]: : Hardware pod \J114.29 is unavailable due to resource mapout.
Warning   [Velsyn-3535]: : Hardware pod \J114.30 is unavailable due to resource mapout.
Warning   [Velsyn-3535]: : Hardware pod \J114.31 is unavailable due to resource mapout.
Warning   [Velsyn-3535]: : Hardware pod \J114.32 is unavailable due to resource mapout.
Warning   [Velsyn-3535]: : Hardware pod \J114.33 is unavailable due to resource mapout.
Warning   [Velsyn-3535]: : Hardware pod \J114.34 is unavailable due to resource mapout.
Warning   [Velsyn-3535]: : Hardware pod \J114.35 is unavailable due to resource mapout.
Warning   [Velsyn-3535]: : Hardware pod \J114.36 is unavailable due to resource mapout.
Warning   [Velsyn-3535]: : Hardware pod \J114.38 is unavailable due to resource mapout.
Warning   [Velsyn-3535]: : Hardware pod \J114.39 is unavailable due to resource mapout.
Warning   [Velsyn-3535]: : Hardware pod \J114.40 is unavailable due to resource mapout.
Warning   [Velsyn-3535]: : Hardware pod \J114.41 is unavailable due to resource mapout.
Warning   [Velsyn-3535]: : Hardware pod \J114.42 is unavailable due to resource mapout.
Warning   [Velsyn-3535]: : Hardware pod \J114.43 is unavailable due to resource mapout.
Warning   [Velsyn-3535]: : Hardware pod \J114.44 is unavailable due to resource mapout.
Warning   [Velsyn-3535]: : Hardware pod \J114.46 is unavailable due to resource mapout.
Warning   [Velsyn-3535]: : Hardware pod \J114.47 is unavailable due to resource mapout.
Warning   [Velsyn-3535]: : Hardware pod \J114.48 is unavailable due to resource mapout.
Warning   [Velsyn-3535]: : Hardware pod \J114.49 is unavailable due to resource mapout.
Warning   [Velsyn-3535]: : Hardware pod \J114.52 is unavailable due to resource mapout.
Warning   [Velsyn-3535]: : Hardware pod \J114.53 is unavailable due to resource mapout.
Warning   [Velsyn-3535]: : Hardware pod \J114.54 is unavailable due to resource mapout.
Warning   [Velsyn-3535]: : Hardware pod \J114.55 is unavailable due to resource mapout.
Warning   [Velsyn-3535]: : Hardware pod \J114.56 is unavailable due to resource mapout.
Warning   [Velsyn-3535]: : Hardware pod \J114.58 is unavailable due to resource mapout.
Warning   [Velsyn-3535]: : Hardware pod \J114.59 is unavailable due to resource mapout.
Warning   [Velsyn-3535]: : Hardware pod \J114.60 is unavailable due to resource mapout.
Warning   [Velsyn-3535]: : Hardware pod \J114.61 is unavailable due to resource mapout.
Warning   [Velsyn-3535]: : Hardware pod \J114.62 is unavailable due to resource mapout.
Warning   [Velsyn-3535]: : Hardware pod \J114.63 is unavailable due to resource mapout.
Warning   [Velsyn-3535]: : Hardware pod \J114.64 is unavailable due to resource mapout.
Warning   [Velsyn-3535]: : Hardware pod \J114.65 is unavailable due to resource mapout.
Warning   [Velsyn-3535]: : Hardware pod \J114.66 is unavailable due to resource mapout.
Warning   [Velsyn-3535]: : Hardware pod \J114.68 is unavailable due to resource mapout.
Warning   [Velsyn-3535]: : Hardware pod \J114.69 is unavailable due to resource mapout.
Warning   [Velsyn-3535]: : Hardware pod \J114.70 is unavailable due to resource mapout.
Warning   [Velsyn-3535]: : Hardware pod \J114.71 is unavailable due to resource mapout.
Warning   [Velsyn-3535]: : Hardware pod \J114.72 is unavailable due to resource mapout.
Warning   [Velsyn-3535]: : Hardware pod \J114.73 is unavailable due to resource mapout.
Warning   [Velsyn-3535]: : Hardware pod \J114.74 is unavailable due to resource mapout.
Warning   [Velsyn-3535]: : Hardware pod \J114.75 is unavailable due to resource mapout.
Warning   [Velsyn-3535]: : Hardware pod \J114.76 is unavailable due to resource mapout.
Warning   [Velsyn-3535]: : Hardware pod \J114.78 is unavailable due to resource mapout.
Warning   [Velsyn-3535]: : Hardware pod \J114.79 is unavailable due to resource mapout.
Warning   [Velsyn-3535]: : Hardware pod \J114.80 is unavailable due to resource mapout.
Warning   [Velsyn-3535]: : Hardware pod \J114.81 is unavailable due to resource mapout.
Warning   [Velsyn-3535]: : Hardware pod \J114.82 is unavailable due to resource mapout.
Warning   [Velsyn-3535]: : Hardware pod \J114.83 is unavailable due to resource mapout.
Warning   [Velsyn-3535]: : Hardware pod \J114.84 is unavailable due to resource mapout.
Warning   [Velsyn-3535]: : Hardware pod \J114.85 is unavailable due to resource mapout.
Warning   [Velsyn-3535]: : Hardware pod \J114.86 is unavailable due to resource mapout.
Warning   [Velsyn-3535]: : Hardware pod \J114.88 is unavailable due to resource mapout.
Warning   [Velsyn-3535]: : Hardware pod \J114.89 is unavailable due to resource mapout.
Warning   [Velsyn-3535]: : Hardware pod \J114.90 is unavailable due to resource mapout.
Warning   [Velsyn-3535]: : Hardware pod \J114.91 is unavailable due to resource mapout.
Warning   [Velsyn-3535]: : Hardware pod \J114.92 is unavailable due to resource mapout.
Warning   [Velsyn-3535]: : Hardware pod \J115.2 is unavailable due to resource mapout.
Warning   [Velsyn-3535]: : Hardware pod \J115.3 is unavailable due to resource mapout.
Warning   [Velsyn-3535]: : Hardware pod \J115.4 is unavailable due to resource mapout.
Warning   [Velsyn-3535]: : Hardware pod \J115.5 is unavailable due to resource mapout.
Warning   [Velsyn-3535]: : Hardware pod \J115.6 is unavailable due to resource mapout.
Warning   [Velsyn-3535]: : Hardware pod \J115.8 is unavailable due to resource mapout.
Warning   [Velsyn-3535]: : Hardware pod \J115.9 is unavailable due to resource mapout.
Warning   [Velsyn-3535]: : Hardware pod \J115.10 is unavailable due to resource mapout.
Warning   [Velsyn-3535]: : Hardware pod \J115.11 is unavailable due to resource mapout.
Warning   [Velsyn-3535]: : Hardware pod \J115.12 is unavailable due to resource mapout.
Warning   [Velsyn-3535]: : Hardware pod \J115.13 is unavailable due to resource mapout.
Warning   [Velsyn-3535]: : Hardware pod \J115.14 is unavailable due to resource mapout.
Warning   [Velsyn-3535]: : Hardware pod \J115.15 is unavailable due to resource mapout.
Warning   [Velsyn-3535]: : Hardware pod \J115.16 is unavailable due to resource mapout.
Warning   [Velsyn-3535]: : Hardware pod \J115.18 is unavailable due to resource mapout.
Warning   [Velsyn-3535]: : Hardware pod \J115.19 is unavailable due to resource mapout.
Warning   [Velsyn-3535]: : Hardware pod \J115.20 is unavailable due to resource mapout.
Warning   [Velsyn-3535]: : Hardware pod \J115.21 is unavailable due to resource mapout.
Warning   [Velsyn-3535]: : Hardware pod \J115.22 is unavailable due to resource mapout.
Warning   [Velsyn-3535]: : Hardware pod \J115.23 is unavailable due to resource mapout.
Warning   [Velsyn-3535]: : Hardware pod \J115.24 is unavailable due to resource mapout.
Warning   [Velsyn-3535]: : Hardware pod \J115.25 is unavailable due to resource mapout.
Warning   [Velsyn-3535]: : Hardware pod \J115.26 is unavailable due to resource mapout.
Warning   [Velsyn-3535]: : Hardware pod \J115.28 is unavailable due to resource mapout.
Warning   [Velsyn-3535]: : Hardware pod \J115.29 is unavailable due to resource mapout.
Warning   [Velsyn-3535]: : Hardware pod \J115.30 is unavailable due to resource mapout.
Warning   [Velsyn-3535]: : Hardware pod \J115.31 is unavailable due to resource mapout.
Warning   [Velsyn-3535]: : Hardware pod \J115.32 is unavailable due to resource mapout.
Warning   [Velsyn-3535]: : Hardware pod \J115.33 is unavailable due to resource mapout.
Warning   [Velsyn-3535]: : Hardware pod \J115.34 is unavailable due to resource mapout.
Warning   [Velsyn-3535]: : Hardware pod \J115.35 is unavailable due to resource mapout.
Warning   [Velsyn-3535]: : Hardware pod \J115.36 is unavailable due to resource mapout.
Warning   [Velsyn-3535]: : Hardware pod \J115.38 is unavailable due to resource mapout.
Warning   [Velsyn-3535]: : Hardware pod \J115.39 is unavailable due to resource mapout.
Warning   [Velsyn-3535]: : Hardware pod \J115.40 is unavailable due to resource mapout.
Warning   [Velsyn-3535]: : Hardware pod \J115.41 is unavailable due to resource mapout.
Note!     [Velsyn-500026]: : $VMW_MAX_ERROR_COUNT EXCEEDED (100) for message 3535
                           controlled via environment variable.
Warning   [Velsyn-50069]: : Terminal direction resolution: Changed the direction of terminal RealTimeModeOn of module SceMiRunControl from input to inout.
                          This change was forced by terminal I1 of module MED_LUT4_80A2 that is on the same net.
Warning   [Velsyn-6536]: : Modules of type: rtlc_SceMiMessageInPort_PortWidth_32 in user design are empty.
Warning   [Velsyn-6536]: : Modules of type: rtlc_SceMiClockControl_ClockNum_0 in user design are empty.
Warning   [Velsyn-6536]: : Modules of type: rtlc_CPU_tb_dpi_GLOBAL_SIGNAL in user design are empty.
Warning   [Velsyn-6536]: : Modules of type: uclockgen in user design are empty.
Warning   [Velsyn-6536]: : Modules of type: ccheck in user design are empty.
Warning   [Velsyn-6536]: : Modules of type: rtlc_SceMiMessageInPort_PortWidth_68 in user design are empty.
Warning   [Velsyn-6536]: : Modules of type: rtlc_SceMiMessageOutPort_PortWidth_480 in user design are empty.
Warning   [Velsyn-6536]: : Modules of type: M_RTLSIM_TBX_INTERNAL_CLOCKGEN in user design are empty.
Warning   [Velsyn-6536]: : Modules of type: rtlc_CPU_tb_dpi_SendResOfProc_M3 in user design are empty.
Warning   [Velsyn-6536]: : Modules of type: rtlc_SceMiMessageOutPort_PortWidth_1024 in user design are empty.
Warning   [Velsyn-6536]: : Modules of type: rtlc_SceMiMessageInPort_PortWidth_64 in user design are empty.
Warning   [Velsyn-6536]: : Modules of type: rtlc_SceMiMessageOutPort_PortWidth_32 in user design are empty.
Warning   [Velsyn-6536]: : Modules of type: rtlc_CPU_tb_dpi_ResetOpr_M1 in user design are empty.
Warning   [Velsyn-6536]: : Modules of type: rtlc_CPU_tb_dpi_GetInstrFmMem_M2 in user design are empty.
Warning   [Velsyn-6536]: : Modules of type: rtlc_CPU_tb_dpi_OperationComplete_M4 in user design are empty.
Warning   [Velsyn-6536]: : Modules of type: rtlc_SceMiMessageOutPort_PortWidth_64 in user design are empty.
Info!     [velcomp-18231]: : Completed task: compile_hvl_0 (velocesolo.ece.pdx.edu) 0 minutes
Warning   [Velsyn-6527]: : Memory CPU_tb_dpi.rtlcGlobConnNetwork.rtlcICPU_tb_dpiTransactorInst_wrapper.rtlcICPU_tb_dpiTransactorInst_2.mem_wrPortCnt.wrappedMem_VMW_PARAM_MEM_rtlc2_10_1_5_0_1_1 Bits 0 to 0 have been eliminated by dead logic elimination.
Warning   [Velsyn-14501]: : Net CPU_tb_dpi.rtlcGlobConnNetwork.rtlcVssm_n2: No driver -- tied to logic-0
Warning   [Velsyn-14501]: : Net CPU_tb_dpi.rtlcGlobConnNetwork.rtlcICPU_tb_dpiTransactorInst_wrapper.channelOutBusy[2]: No driver -- tied to logic-0
Warning   [Velsyn-14501]: : Net CPU_tb_dpi.rtlcGlobConnNetwork.rtlcICPU_tb_dpiTransactorInst_wrapper.OneWayCallerActive_2: No driver -- tied to logic-0
Warning   [Velsyn-14501]: : Net CPU_tb_dpi.rtlcGlobConnNetwork.rtlcICPU_tb_dpiTransactorInst_wrapper.rtlcICPU_tb_dpiTransactorInst_0.rtlcMutexInfo[30]: No driver -- tied to logic-0
Warning   [Velsyn-14501]: : Net CPU_tb_dpi.rtlcGlobConnNetwork.rtlcICPU_tb_dpiTransactorInst_wrapper.rtlcICPU_tb_dpiTransactorInst_0.rtlcI_SceMiRunControl.CrcCounter[0]: No driver -- tied to logic-0
Warning   [Velsyn-14501]: : Net CPU_tb_dpi.rtlcGlobConnNetwork.rtlcICPU_tb_dpiTransactorInst_wrapper.rtlcICPU_tb_dpiTransactorInst_0.rtlcI_SceMiRunControl.CrcCounter[1]: No driver -- tied to logic-0
Warning   [Velsyn-14501]: : Net CPU_tb_dpi.rtlcGlobConnNetwork.rtlcICPU_tb_dpiTransactorInst_wrapper.rtlcICPU_tb_dpiTransactorInst_0.rtlcI_SceMiRunControl.CrcCounter[2]: No driver -- tied to logic-0
Warning   [Velsyn-14501]: : Net CPU_tb_dpi.rtlcGlobConnNetwork.rtlcICPU_tb_dpiTransactorInst_wrapper.rtlcICPU_tb_dpiTransactorInst_0.rtlcI_SceMiRunControl.CrcCounter[3]: No driver -- tied to logic-0
Warning   [Velsyn-14501]: : Net CPU_tb_dpi.rtlcGlobConnNetwork.rtlcICPU_tb_dpiTransactorInst_wrapper.rtlcICPU_tb_dpiTransactorInst_0.rtlcI_SceMiRunControl.CrcCounter[4]: No driver -- tied to logic-0
Warning   [Velsyn-14501]: : Net CPU_tb_dpi.rtlcGlobConnNetwork.rtlcICPU_tb_dpiTransactorInst_wrapper.rtlcICPU_tb_dpiTransactorInst_0.rtlcI_SceMiRunControl.CrcCounter[5]: No driver -- tied to logic-0
Warning   [Velsyn-14501]: : Net CPU_tb_dpi.rtlcGlobConnNetwork.rtlcICPU_tb_dpiTransactorInst_wrapper.rtlcICPU_tb_dpiTransactorInst_0.rtlcI_SceMiRunControl.CrcCounter[6]: No driver -- tied to logic-0
Warning   [Velsyn-14501]: : Net CPU_tb_dpi.rtlcGlobConnNetwork.rtlcICPU_tb_dpiTransactorInst_wrapper.rtlcICPU_tb_dpiTransactorInst_0.rtlcI_SceMiRunControl.CrcCounter[7]: No driver -- tied to logic-0
Warning   [Velsyn-14501]: : Net CPU_tb_dpi.rtlcGlobConnNetwork.rtlcICPU_tb_dpiTransactorInst_wrapper.rtlcICPU_tb_dpiTransactorInst_0.rtlcI_SceMiRunControl.CrcCounter[8]: No driver -- tied to logic-0
Warning   [Velsyn-14501]: : Net CPU_tb_dpi.rtlcGlobConnNetwork.rtlcICPU_tb_dpiTransactorInst_wrapper.rtlcICPU_tb_dpiTransactorInst_0.rtlcI_SceMiRunControl.CrcCounter[9]: No driver -- tied to logic-0
Warning   [Velsyn-14501]: : Net CPU_tb_dpi.rtlcGlobConnNetwork.rtlcICPU_tb_dpiTransactorInst_wrapper.rtlcICPU_tb_dpiTransactorInst_0.rtlcI_SceMiRunControl.CrcCounter[10]: No driver -- tied to logic-0
Warning   [Velsyn-14501]: : Net CPU_tb_dpi.rtlcGlobConnNetwork.rtlcICPU_tb_dpiTransactorInst_wrapper.rtlcICPU_tb_dpiTransactorInst_0.rtlcI_SceMiRunControl.CrcCounter[11]: No driver -- tied to logic-0
Warning   [Velsyn-14501]: : Net CPU_tb_dpi.rtlcGlobConnNetwork.rtlcICPU_tb_dpiTransactorInst_wrapper.rtlcICPU_tb_dpiTransactorInst_0.rtlcI_SceMiRunControl.CrcCounter[12]: No driver -- tied to logic-0
Warning   [Velsyn-14501]: : Net CPU_tb_dpi.rtlcGlobConnNetwork.rtlcICPU_tb_dpiTransactorInst_wrapper.rtlcICPU_tb_dpiTransactorInst_0.rtlcI_SceMiRunControl.CrcCounter[13]: No driver -- tied to logic-0
Warning   [Velsyn-14501]: : Net CPU_tb_dpi.rtlcGlobConnNetwork.rtlcICPU_tb_dpiTransactorInst_wrapper.rtlcICPU_tb_dpiTransactorInst_0.rtlcI_SceMiRunControl.CrcCounter[14]: No driver -- tied to logic-0
Warning   [Velsyn-14501]: : Net CPU_tb_dpi.rtlcGlobConnNetwork.rtlcICPU_tb_dpiTransactorInst_wrapper.rtlcICPU_tb_dpiTransactorInst_0.rtlcI_SceMiRunControl.CrcCounter[15]: No driver -- tied to logic-0
Warning   [Velsyn-14501]: : Net CPU_tb_dpi.rtlcGlobConnNetwork.rtlcICPU_tb_dpiTransactorInst_wrapper.rtlcICPU_tb_dpiTransactorInst_0.rtlcI_SceMiRunControl.CrcCounter[16]: No driver -- tied to logic-0
Warning   [Velsyn-14501]: : Net CPU_tb_dpi.rtlcGlobConnNetwork.rtlcICPU_tb_dpiTransactorInst_wrapper.rtlcICPU_tb_dpiTransactorInst_0.rtlcI_SceMiRunControl.CrcCounter[17]: No driver -- tied to logic-0
Warning   [Velsyn-14501]: : Net CPU_tb_dpi.rtlcGlobConnNetwork.rtlcICPU_tb_dpiTransactorInst_wrapper.rtlcICPU_tb_dpiTransactorInst_0.rtlcI_SceMiRunControl.CrcCounter[18]: No driver -- tied to logic-0
Warning   [Velsyn-14501]: : Net CPU_tb_dpi.rtlcGlobConnNetwork.rtlcICPU_tb_dpiTransactorInst_wrapper.rtlcICPU_tb_dpiTransactorInst_0.rtlcI_SceMiRunControl.CrcCounter[19]: No driver -- tied to logic-0
Warning   [Velsyn-14501]: : Net CPU_tb_dpi.rtlcGlobConnNetwork.rtlcICPU_tb_dpiTransactorInst_wrapper.rtlcICPU_tb_dpiTransactorInst_0.rtlcI_SceMiRunControl.CrcCounter[20]: No driver -- tied to logic-0
Warning   [Velsyn-14501]: : Net CPU_tb_dpi.rtlcGlobConnNetwork.rtlcICPU_tb_dpiTransactorInst_wrapper.rtlcICPU_tb_dpiTransactorInst_0.rtlcI_SceMiRunControl.CrcCounter[21]: No driver -- tied to logic-0
Warning   [Velsyn-14501]: : Net CPU_tb_dpi.rtlcGlobConnNetwork.rtlcICPU_tb_dpiTransactorInst_wrapper.rtlcICPU_tb_dpiTransactorInst_0.rtlcI_SceMiRunControl.CrcCounter[22]: No driver -- tied to logic-0
Warning   [Velsyn-14501]: : Net CPU_tb_dpi.rtlcGlobConnNetwork.rtlcICPU_tb_dpiTransactorInst_wrapper.rtlcICPU_tb_dpiTransactorInst_0.rtlcI_SceMiRunControl.CrcCounter[23]: No driver -- tied to logic-0
Warning   [Velsyn-14501]: : Net CPU_tb_dpi.rtlcGlobConnNetwork.rtlcICPU_tb_dpiTransactorInst_wrapper.rtlcICPU_tb_dpiTransactorInst_0.rtlcI_SceMiRunControl.CrcCounter[24]: No driver -- tied to logic-0
Warning   [Velsyn-14501]: : Net CPU_tb_dpi.rtlcGlobConnNetwork.rtlcICPU_tb_dpiTransactorInst_wrapper.rtlcICPU_tb_dpiTransactorInst_0.rtlcI_SceMiRunControl.CrcCounter[25]: No driver -- tied to logic-0
Warning   [Velsyn-14501]: : Net CPU_tb_dpi.rtlcGlobConnNetwork.rtlcICPU_tb_dpiTransactorInst_wrapper.rtlcICPU_tb_dpiTransactorInst_0.rtlcI_SceMiRunControl.CrcCounter[26]: No driver -- tied to logic-0
Warning   [Velsyn-14501]: : Net CPU_tb_dpi.rtlcGlobConnNetwork.rtlcICPU_tb_dpiTransactorInst_wrapper.rtlcICPU_tb_dpiTransactorInst_0.rtlcI_SceMiRunControl.CrcCounter[27]: No driver -- tied to logic-0
Warning   [Velsyn-14501]: : Net CPU_tb_dpi.rtlcGlobConnNetwork.rtlcICPU_tb_dpiTransactorInst_wrapper.rtlcICPU_tb_dpiTransactorInst_0.rtlcI_SceMiRunControl.CrcCounter[28]: No driver -- tied to logic-0
Warning   [Velsyn-14501]: : Net CPU_tb_dpi.rtlcGlobConnNetwork.rtlcICPU_tb_dpiTransactorInst_wrapper.rtlcICPU_tb_dpiTransactorInst_0.rtlcI_SceMiRunControl.CrcCounter[29]: No driver -- tied to logic-0
Warning   [Velsyn-14501]: : Net CPU_tb_dpi.rtlcGlobConnNetwork.rtlcICPU_tb_dpiTransactorInst_wrapper.rtlcICPU_tb_dpiTransactorInst_1.TASK1_I_0_latch[0]: No driver -- tied to logic-0
Warning   [Velsyn-14501]: : Net CPU_tb_dpi.rtlcGlobConnNetwork.rtlcICPU_tb_dpiTransactorInst_wrapper.rtlcICPU_tb_dpiTransactorInst_1.TASK1_I_0_latch[1]: No driver -- tied to logic-0
Warning   [Velsyn-14501]: : Net CPU_tb_dpi.rtlcGlobConnNetwork.rtlcICPU_tb_dpiTransactorInst_wrapper.rtlcICPU_tb_dpiTransactorInst_1.TASK1_I_0_latch[2]: No driver -- tied to logic-0
Warning   [Velsyn-14501]: : Net CPU_tb_dpi.rtlcGlobConnNetwork.rtlcICPU_tb_dpiTransactorInst_wrapper.rtlcICPU_tb_dpiTransactorInst_1.TASK1_I_0_latch[3]: No driver -- tied to logic-0
Warning   [Velsyn-14501]: : Net CPU_tb_dpi.rtlcGlobConnNetwork.rtlcICPU_tb_dpiTransactorInst_wrapper.rtlcICPU_tb_dpiTransactorInst_1.TASK1_I_0_latch[4]: No driver -- tied to logic-0
Warning   [Velsyn-14501]: : Net CPU_tb_dpi.rtlcGlobConnNetwork.rtlcICPU_tb_dpiTransactorInst_wrapper.rtlcICPU_tb_dpiTransactorInst_1.TASK1_I_0_latch[5]: No driver -- tied to logic-0
Warning   [Velsyn-14501]: : Net CPU_tb_dpi.rtlcGlobConnNetwork.rtlcICPU_tb_dpiTransactorInst_wrapper.rtlcICPU_tb_dpiTransactorInst_1.TASK1_I_0_latch[6]: No driver -- tied to logic-0
Warning   [Velsyn-14501]: : Net CPU_tb_dpi.rtlcGlobConnNetwork.rtlcICPU_tb_dpiTransactorInst_wrapper.rtlcICPU_tb_dpiTransactorInst_1.TASK1_I_0_latch[7]: No driver -- tied to logic-0
Warning   [Velsyn-14501]: : Net CPU_tb_dpi.rtlcGlobConnNetwork.rtlcICPU_tb_dpiTransactorInst_wrapper.rtlcICPU_tb_dpiTransactorInst_1.TASK1_I_0_latch[8]: No driver -- tied to logic-0
Warning   [Velsyn-14501]: : Net CPU_tb_dpi.rtlcGlobConnNetwork.rtlcICPU_tb_dpiTransactorInst_wrapper.rtlcICPU_tb_dpiTransactorInst_1.TASK1_I_0_latch[9]: No driver -- tied to logic-0
Warning   [Velsyn-14501]: : Net CPU_tb_dpi.rtlcGlobConnNetwork.rtlcICPU_tb_dpiTransactorInst_wrapper.rtlcICPU_tb_dpiTransactorInst_1.TASK1_I_0_latch[10]: No driver -- tied to logic-0
Warning   [Velsyn-14501]: : Net CPU_tb_dpi.rtlcGlobConnNetwork.rtlcICPU_tb_dpiTransactorInst_wrapper.rtlcICPU_tb_dpiTransactorInst_1.TASK1_I_0_latch[11]: No driver -- tied to logic-0
Warning   [Velsyn-14501]: : Net CPU_tb_dpi.rtlcGlobConnNetwork.rtlcICPU_tb_dpiTransactorInst_wrapper.rtlcICPU_tb_dpiTransactorInst_1.TASK1_I_0_latch[12]: No driver -- tied to logic-0
Warning   [Velsyn-14501]: : Net CPU_tb_dpi.rtlcGlobConnNetwork.rtlcICPU_tb_dpiTransactorInst_wrapper.rtlcICPU_tb_dpiTransactorInst_1.TASK1_I_0_latch[13]: No driver -- tied to logic-0
Warning   [Velsyn-14501]: : Net CPU_tb_dpi.rtlcGlobConnNetwork.rtlcICPU_tb_dpiTransactorInst_wrapper.rtlcICPU_tb_dpiTransactorInst_1.TASK1_I_0_latch[14]: No driver -- tied to logic-0
Warning   [Velsyn-14501]: : Net CPU_tb_dpi.rtlcGlobConnNetwork.rtlcICPU_tb_dpiTransactorInst_wrapper.rtlcICPU_tb_dpiTransactorInst_1.TASK1_I_0_latch[15]: No driver -- tied to logic-0
Warning   [Velsyn-14501]: : Net CPU_tb_dpi.rtlcGlobConnNetwork.rtlcICPU_tb_dpiTransactorInst_wrapper.rtlcICPU_tb_dpiTransactorInst_1.TASK1_I_0_latch[16]: No driver -- tied to logic-0
Warning   [Velsyn-14501]: : Net CPU_tb_dpi.rtlcGlobConnNetwork.rtlcICPU_tb_dpiTransactorInst_wrapper.rtlcICPU_tb_dpiTransactorInst_1.TASK1_I_0_latch[17]: No driver -- tied to logic-0
Warning   [Velsyn-14501]: : Net CPU_tb_dpi.rtlcGlobConnNetwork.rtlcICPU_tb_dpiTransactorInst_wrapper.rtlcICPU_tb_dpiTransactorInst_1.TASK1_I_0_latch[18]: No driver -- tied to logic-0
Warning   [Velsyn-14501]: : Net CPU_tb_dpi.rtlcGlobConnNetwork.rtlcICPU_tb_dpiTransactorInst_wrapper.rtlcICPU_tb_dpiTransactorInst_1.TASK1_I_0_latch[19]: No driver -- tied to logic-0
Warning   [Velsyn-14501]: : Net CPU_tb_dpi.rtlcGlobConnNetwork.rtlcICPU_tb_dpiTransactorInst_wrapper.rtlcICPU_tb_dpiTransactorInst_1.TASK1_I_0_latch[20]: No driver -- tied to logic-0
Warning   [Velsyn-14501]: : Net CPU_tb_dpi.rtlcGlobConnNetwork.rtlcICPU_tb_dpiTransactorInst_wrapper.rtlcICPU_tb_dpiTransactorInst_1.TASK1_I_0_latch[21]: No driver -- tied to logic-0
Warning   [Velsyn-14501]: : Net CPU_tb_dpi.rtlcGlobConnNetwork.rtlcICPU_tb_dpiTransactorInst_wrapper.rtlcICPU_tb_dpiTransactorInst_1.TASK1_I_0_latch[22]: No driver -- tied to logic-0
Warning   [Velsyn-14501]: : Net CPU_tb_dpi.rtlcGlobConnNetwork.rtlcICPU_tb_dpiTransactorInst_wrapper.rtlcICPU_tb_dpiTransactorInst_1.TASK1_I_0_latch[23]: No driver -- tied to logic-0
Warning   [Velsyn-14501]: : Net CPU_tb_dpi.rtlcGlobConnNetwork.rtlcICPU_tb_dpiTransactorInst_wrapper.rtlcICPU_tb_dpiTransactorInst_1.TASK1_I_0_latch[24]: No driver -- tied to logic-0
Warning   [Velsyn-14501]: : Net CPU_tb_dpi.rtlcGlobConnNetwork.rtlcICPU_tb_dpiTransactorInst_wrapper.rtlcICPU_tb_dpiTransactorInst_1.TASK1_I_0_latch[25]: No driver -- tied to logic-0
Warning   [Velsyn-14501]: : Net CPU_tb_dpi.rtlcGlobConnNetwork.rtlcICPU_tb_dpiTransactorInst_wrapper.rtlcICPU_tb_dpiTransactorInst_1.TASK1_I_0_latch[26]: No driver -- tied to logic-0
Warning   [Velsyn-14501]: : Net CPU_tb_dpi.rtlcGlobConnNetwork.rtlcICPU_tb_dpiTransactorInst_wrapper.rtlcICPU_tb_dpiTransactorInst_1.TASK1_I_0_latch[27]: No driver -- tied to logic-0
Warning   [Velsyn-14501]: : Net CPU_tb_dpi.rtlcGlobConnNetwork.rtlcICPU_tb_dpiTransactorInst_wrapper.rtlcICPU_tb_dpiTransactorInst_1.TASK1_I_0_latch[28]: No driver -- tied to logic-0
Warning   [Velsyn-14501]: : Net CPU_tb_dpi.rtlcGlobConnNetwork.rtlcICPU_tb_dpiTransactorInst_wrapper.rtlcICPU_tb_dpiTransactorInst_1.TASK1_I_0_latch[29]: No driver -- tied to logic-0
Warning   [Velsyn-14501]: : Net CPU_tb_dpi.rtlcGlobConnNetwork.rtlcICPU_tb_dpiTransactorInst_wrapper.rtlcICPU_tb_dpiTransactorInst_1.TASK1_I_0_latch[30]: No driver -- tied to logic-0
Warning   [Velsyn-14501]: : Net CPU_tb_dpi.rtlcGlobConnNetwork.rtlcICPU_tb_dpiTransactorInst_wrapper.rtlcICPU_tb_dpiTransactorInst_1.TASK1_I_0_latch[31]: No driver -- tied to logic-0
Warning   [Velsyn-14501]: : Net CPU_tb_dpi.mctcore_inst.targetCclockEnabled[0]: No driver -- tied to logic-0
Warning   [Velsyn-14501]: : Net CPU_tb_dpi.mctcore_inst.targetCreset[0]: No driver -- tied to logic-0
Warning   [Velsyn-2614]: : 1724 Luts were reduced to smaller Luts for inactive Inputs
Warning   [Velsyn-2614]: : 3 Luts were reduced to smaller Luts for inactive Inputs
Warning   [Velsyn-5505]: : Removed dead ports from memory CPU_tb_dpi.checker_tb.dm1.mem:
                         write port 0, bits [0:31] are unused.
Info!     [velcomp-18201]: : Started task: compile_velcc_0_0 (velocesolo.ece.pdx.edu)
Info!     [velcomp-18201]: : Started task: compile_velcc_0_1 (velocesolo.ece.pdx.edu)
Info!     [velcomp-18201]: : Started task: compile_velcc_0_2 (velocesolo.ece.pdx.edu)
Info!     [velcomp-18201]: : Started task: compile_velcc_0_3 (velocesolo.ece.pdx.edu)
Info!     [velcomp-18201]: : Started task: compile_velcc_0_4 (velocesolo.ece.pdx.edu)
Info!     [velcomp-18201]: : Started task: compile_velcc_0_5 (velocesolo.ece.pdx.edu)
Warning     [velcc-7]: Module LB0_U100: found 2 unused net(s)
Info!     [velcomp-18201]: : Started task: compile_velcc_0_6 (velocesolo.ece.pdx.edu)
Info!     [velcomp-18231]: : Completed task: compile_velsyn_0 (velocesolo.ece.pdx.edu) 0 minutes
Info!     [velcomp-18201]: : Started task: compile_velcc_0_11 (velocesolo.ece.pdx.edu)
Warning     [velcc-7]: Module LB0_U104: found 2 unused net(s)
Info!     [velcomp-18231]: : Completed task: compile_velcc_0_3 (velocesolo.ece.pdx.edu) 0 minutes
Info!     [velcomp-18201]: : Started task: compile_velcc_0_15 (velocesolo.ece.pdx.edu)
Info!     [velcomp-18231]: : Completed task: compile_velcc_0_1 (velocesolo.ece.pdx.edu) 0 minutes
Info!     [velcomp-18201]: : Started task: compile_velcc_0_7 (velocesolo.ece.pdx.edu)
Info!     [velcomp-18231]: : Completed task: compile_velcc_0_2 (velocesolo.ece.pdx.edu) 0 minutes
Info!     [velcomp-18201]: : Started task: compile_velcc_0_8 (velocesolo.ece.pdx.edu)
Info!     [velcomp-18231]: : Completed task: compile_velcc_0_5 (velocesolo.ece.pdx.edu) 0 minutes
Info!     [velcomp-18201]: : Started task: compile_velcc_0_14 (velocesolo.ece.pdx.edu)
Info!     [velcomp-18231]: : Completed task: compile_velcc_0_6 (velocesolo.ece.pdx.edu) 0 minutes
Info!     [velcomp-18201]: : Started task: compile_velcc_0_9 (velocesolo.ece.pdx.edu)
Info!     [velcomp-18231]: : Completed task: compile_velcc_0_11 (velocesolo.ece.pdx.edu) 0 minutes
Info!     [velcomp-18201]: : Started task: compile_velcc_0_13 (velocesolo.ece.pdx.edu)
Info!     [velcomp-18231]: : Completed task: compile_velcc_0_15 (velocesolo.ece.pdx.edu) 0 minutes
Info!     [velcomp-18201]: : Started task: compile_velcc_0_12 (velocesolo.ece.pdx.edu)
Info!     [velcomp-18231]: : Completed task: compile_velcc_0_7 (velocesolo.ece.pdx.edu) 0 minutes
Info!     [velcomp-18201]: : Started task: compile_velcc_0_10 (velocesolo.ece.pdx.edu)
Info!     [velcomp-18231]: : Completed task: compile_velcc_0_8 (velocesolo.ece.pdx.edu) 0 minutes
Info!     [velcomp-18231]: : Completed task: compile_velcc_0_14 (velocesolo.ece.pdx.edu) 0 minutes
Info!     [velcomp-18231]: : Completed task: compile_velcc_0_9 (velocesolo.ece.pdx.edu) 0 minutes
Info!     [velcomp-18231]: : Completed task: compile_velcc_0_13 (velocesolo.ece.pdx.edu) 0 minutes
Info!     [velcomp-18231]: : Completed task: compile_velcc_0_12 (velocesolo.ece.pdx.edu) 0 minutes
Info!     [velcomp-18231]: : Completed task: compile_velcc_0_0 (velocesolo.ece.pdx.edu) 0 minutes
Info!     [velcomp-18231]: : Completed task: compile_velcc_0_10 (velocesolo.ece.pdx.edu) 0 minutes
Info!     [velcomp-18231]: : Completed task: compile_velcc_0_4 (velocesolo.ece.pdx.edu) 0 minutes
Info!     [velcomp-18201]: : Started task: compile_velgs_0 (velocesolo.ece.pdx.edu)
Info!     [velcomp-18231]: : Completed task: compile_velgs_0 (velocesolo.ece.pdx.edu) 0 minutes
Info!     [velcomp-25467]: : VelMutabin Compilation is up-to date.
Info!     [velcomp-25543]: : CRC computed successfully
                          
Info!     [velcomp-18201]: : Started task: compile_ssrmodelgen_0_0 (velocesolo.ece.pdx.edu)
Info!     [velcomp-18201]: : Started task: compile_ssrmodelgen_0_15 (velocesolo.ece.pdx.edu)
Info!     [velcomp-18201]: : Started task: compile_ssrmodelgen_0_14 (velocesolo.ece.pdx.edu)
Info!     [velcomp-18201]: : Started task: compile_ssrmodelgen_0_13 (velocesolo.ece.pdx.edu)
Info!     [velcomp-18201]: : Started task: compile_ssrmodelgen_0_12 (velocesolo.ece.pdx.edu)
Info!     [velcomp-18201]: : Started task: compile_ssrmodelgen_0_11 (velocesolo.ece.pdx.edu)
Info!     [velcomp-18201]: : Started task: compile_ssrmodelgen_0_10 (velocesolo.ece.pdx.edu)
Info!     [velcomp-18201]: : Started task: compile_ssrmodelgen_0_9 (velocesolo.ece.pdx.edu)
Info!     [velcomp-18231]: : Completed task: compile_ssrmodelgen_0_12 (velocesolo.ece.pdx.edu) 0 minutes
Info!     [velcomp-18201]: : Started task: compile_ssrmodelgen_0_8 (velocesolo.ece.pdx.edu)
Info!     [velcomp-18231]: : Completed task: compile_ssrmodelgen_0_14 (velocesolo.ece.pdx.edu) 0 minutes
Info!     [velcomp-18201]: : Started task: compile_ssrmodelgen_0_1 (velocesolo.ece.pdx.edu)
Info!     [velcomp-18231]: : Completed task: compile_ssrmodelgen_0_13 (velocesolo.ece.pdx.edu) 0 minutes
Info!     [velcomp-18201]: : Started task: compile_ssrmodelgen_0_2 (velocesolo.ece.pdx.edu)
Info!     [velcomp-18231]: : Completed task: compile_ssrmodelgen_0_9 (velocesolo.ece.pdx.edu) 0 minutes
Info!     [velcomp-18201]: : Started task: compile_ssrmodelgen_0_3 (velocesolo.ece.pdx.edu)
Info!     [velcomp-18231]: : Completed task: compile_ssrmodelgen_0_11 (velocesolo.ece.pdx.edu) 0 minutes
Info!     [velcomp-18201]: : Started task: compile_ssrmodelgen_0_4 (velocesolo.ece.pdx.edu)
Info!     [velcomp-18231]: : Completed task: compile_ssrmodelgen_0_15 (velocesolo.ece.pdx.edu) 0 minutes
Info!     [velcomp-18201]: : Started task: compile_ssrmodelgen_0_5 (velocesolo.ece.pdx.edu)
Info!     [velcomp-18231]: : Completed task: compile_ssrmodelgen_0_10 (velocesolo.ece.pdx.edu) 0 minutes
Info!     [velcomp-18201]: : Started task: compile_ssrmodelgen_0_7 (velocesolo.ece.pdx.edu)
Info!     [velcomp-18231]: : Completed task: compile_ssrmodelgen_0_3 (velocesolo.ece.pdx.edu) 0 minutes
Info!     [velcomp-18201]: : Started task: compile_ssrmodelgen_0_6 (velocesolo.ece.pdx.edu)
Info!     [velcomp-18231]: : Completed task: compile_ssrmodelgen_0_8 (velocesolo.ece.pdx.edu) 0 minutes
Info!     [velcomp-18231]: : Completed task: compile_ssrmodelgen_0_5 (velocesolo.ece.pdx.edu) 0 minutes
Info!     [velcomp-18231]: : Completed task: compile_ssrmodelgen_0_1 (velocesolo.ece.pdx.edu) 0 minutes
Info!     [velcomp-18231]: : Completed task: compile_ssrmodelgen_0_2 (velocesolo.ece.pdx.edu) 0 minutes
Info!     [velcomp-18231]: : Completed task: compile_ssrmodelgen_0_7 (velocesolo.ece.pdx.edu) 0 minutes
Info!     [velcomp-18231]: : Completed task: compile_ssrmodelgen_0_6 (velocesolo.ece.pdx.edu) 0 minutes
Info!     [velcomp-18231]: : Completed task: compile_ssrmodelgen_0_0 (velocesolo.ece.pdx.edu) 0 minutes
Info!     [velcomp-18231]: : Completed task: compile_ssrmodelgen_0_4 (velocesolo.ece.pdx.edu) 0 minutes
Info!     [velcomp-18201]: : Started task: compile_riigen_0 (velocesolo.ece.pdx.edu)
Info!     [velcomp-18231]: : Completed task: compile_riigen_0 (velocesolo.ece.pdx.edu) 0 minutes
Info!     [velcomp-18201]: : Started task: compile_DBLinker_0 (velocesolo.ece.pdx.edu)
Info!     [velcomp-18231]: : Completed task: compile_DBLinker_0 (velocesolo.ece.pdx.edu) 0 minutes
Info!     [velcomp-25218]: : Dtask compile report is saved in /u/bchetan/SV_FinalProject_TBXDPIC/SV_MIPS_Veloce/veloce.med/veloce.out/veloce.report
                           Each detailed task information is saved in /u/bchetan/SV_FinalProject_TBXDPIC/SV_MIPS_Veloce/veloce.med/veloce.out/veloce.stat
                          
Info!     [velcomp-25220]: : Overall Running time: (Tue Mar 14 06:35:42 2017)
                           2 minutes.
                          
                          
Info!     [velcomp-25219]: : Bad Machines:
                           None.
                          
                          
Info!     [velcomp-25214]: : Dtask exiting ...
Info!     [velcomp-25215]: : Compilation finished successfully.
